Login Error: PrismaClientInitializationError: 
Invalid `prisma.user.findUnique()` invocation:


Authentication failed against database server at `Localhost`, the provided database credentials for `postgres` are not valid.

Please make sure to provide valid database credentials for the database server at `Localhost`.
    at Vn.handleRequestError (/opt/gestion-equipements-IT/server/node_modules/@prisma/auth-client/runtime/library.js:121:7640)
    at Vn.handleAndLogRequestError (/opt/gestion-equipements-IT/server/node_modules/@prisma/auth-client/runtime/library.js:121:6663)
    at Vn.request (/opt/gestion-equipements-IT/server/node_modules/@prisma/auth-client/runtime/library.js:121:6370)
    at async l (/opt/gestion-equipements-IT/server/node_modules/@prisma/auth-client/runtime/library.js:130:9617) {
  clientVersion: '6.2.1',
  errorCode: undefined
}
Login Error: PrismaClientInitializationError: 
Invalid `prisma.user.findUnique()` invocation:


Authentication failed against database server at `Localhost`, the provided database credentials for `postgres` are not valid.

Please make sure to provide valid database credentials for the database server at `Localhost`.
    at Vn.handleRequestError (/opt/gestion-equipements-IT/server/node_modules/@prisma/auth-client/runtime/library.js:121:7640)
    at Vn.handleAndLogRequestError (/opt/gestion-equipements-IT/server/node_modules/@prisma/auth-client/runtime/library.js:121:6663)
    at Vn.request (/opt/gestion-equipements-IT/server/node_modules/@prisma/auth-client/runtime/library.js:121:6370)
    at async l (/opt/gestion-equipements-IT/server/node_modules/@prisma/auth-client/runtime/library.js:130:9617) {
  clientVersion: '6.2.1',
  errorCode: undefined
}
Error processing expired assignments: PrismaClientInitializationError: 
Invalid `prisma.assignmentToken.findMany()` invocation:


error: Environment variable not found: DATABASE_URL.
  -->  schema.prisma:14
   | 
13 |   provider = "postgresql"
14 |   url      = env("DATABASE_URL")
   | 

Validation Error Count: 1
    at Vn.handleRequestError (/opt/gestion-equipements-IT/server/node_modules/@prisma/client/runtime/library.js:121:7640)
    at Vn.handleAndLogRequestError (/opt/gestion-equipements-IT/server/node_modules/@prisma/client/runtime/library.js:121:6663)
    at Vn.request (/opt/gestion-equipements-IT/server/node_modules/@prisma/client/runtime/library.js:121:6370)
    at async l (/opt/gestion-equipements-IT/server/node_modules/@prisma/client/runtime/library.js:130:9617) {
  clientVersion: '6.2.1',
  errorCode: undefined
}
Error processing expired assignments: PrismaClientInitializationError: 
Invalid `prisma.assignmentToken.findMany()` invocation:


error: Environment variable not found: DATABASE_URL.
  -->  schema.prisma:14
   | 
13 |   provider = "postgresql"
14 |   url      = env("DATABASE_URL")
   | 

Validation Error Count: 1
    at Vn.handleRequestError (/opt/gestion-equipements-IT/server/node_modules/@prisma/client/runtime/library.js:121:7640)
    at Vn.handleAndLogRequestError (/opt/gestion-equipements-IT/server/node_modules/@prisma/client/runtime/library.js:121:6663)
    at Vn.request (/opt/gestion-equipements-IT/server/node_modules/@prisma/client/runtime/library.js:121:6370)
    at async l (/opt/gestion-equipements-IT/server/node_modules/@prisma/client/runtime/library.js:130:9617) {
  clientVersion: '6.2.1',
  errorCode: undefined
}
Error processing expired assignments: PrismaClientInitializationError: 
Invalid `prisma.assignmentToken.findMany()` invocation:


error: Environment variable not found: DATABASE_URL.
  -->  schema.prisma:14
   | 
13 |   provider = "postgresql"
14 |   url      = env("DATABASE_URL")
   | 

Validation Error Count: 1
    at Vn.handleRequestError (/opt/gestion-equipements-IT/server/node_modules/@prisma/client/runtime/library.js:121:7640)
    at Vn.handleAndLogRequestError (/opt/gestion-equipements-IT/server/node_modules/@prisma/client/runtime/library.js:121:6663)
    at Vn.request (/opt/gestion-equipements-IT/server/node_modules/@prisma/client/runtime/library.js:121:6370)
    at async l (/opt/gestion-equipements-IT/server/node_modules/@prisma/client/runtime/library.js:130:9617) {
  clientVersion: '6.2.1',
  errorCode: undefined
}
Error processing expired assignments: PrismaClientInitializationError: 
Invalid `prisma.assignmentToken.findMany()` invocation:


error: Environment variable not found: DATABASE_URL.
  -->  schema.prisma:14
   | 
13 |   provider = "postgresql"
14 |   url      = env("DATABASE_URL")
   | 

Validation Error Count: 1
    at Vn.handleRequestError (/opt/gestion-equipements-IT/server/node_modules/@prisma/client/runtime/library.js:121:7640)
    at Vn.handleAndLogRequestError (/opt/gestion-equipements-IT/server/node_modules/@prisma/client/runtime/library.js:121:6663)
    at Vn.request (/opt/gestion-equipements-IT/server/node_modules/@prisma/client/runtime/library.js:121:6370)
    at async l (/opt/gestion-equipements-IT/server/node_modules/@prisma/client/runtime/library.js:130:9617) {
  clientVersion: '6.2.1',
  errorCode: undefined
}
Error processing expired assignments: PrismaClientInitializationError: 
Invalid `prisma.assignmentToken.findMany()` invocation:


error: Environment variable not found: DATABASE_URL.
  -->  schema.prisma:14
   | 
13 |   provider = "postgresql"
14 |   url      = env("DATABASE_URL")
   | 

Validation Error Count: 1
    at Vn.handleRequestError (/opt/gestion-equipements-IT/server/node_modules/@prisma/client/runtime/library.js:121:7640)
    at Vn.handleAndLogRequestError (/opt/gestion-equipements-IT/server/node_modules/@prisma/client/runtime/library.js:121:6663)
    at Vn.request (/opt/gestion-equipements-IT/server/node_modules/@prisma/client/runtime/library.js:121:6370)
    at async l (/opt/gestion-equipements-IT/server/node_modules/@prisma/client/runtime/library.js:130:9617) {
  clientVersion: '6.2.1',
  errorCode: undefined
}
Error processing expired assignments: PrismaClientInitializationError: 
Invalid `prisma.assignmentToken.findMany()` invocation:


error: Environment variable not found: DATABASE_URL.
  -->  schema.prisma:14
   | 
13 |   provider = "postgresql"
14 |   url      = env("DATABASE_URL")
   | 

Validation Error Count: 1
    at Vn.handleRequestError (/opt/gestion-equipements-IT/server/node_modules/@prisma/client/runtime/library.js:121:7640)
    at Vn.handleAndLogRequestError (/opt/gestion-equipements-IT/server/node_modules/@prisma/client/runtime/library.js:121:6663)
    at Vn.request (/opt/gestion-equipements-IT/server/node_modules/@prisma/client/runtime/library.js:121:6370)
    at async l (/opt/gestion-equipements-IT/server/node_modules/@prisma/client/runtime/library.js:130:9617) {
  clientVersion: '6.2.1',
  errorCode: undefined
}
Error processing expired assignments: PrismaClientInitializationError: 
Invalid `prisma.assignmentToken.findMany()` invocation:


error: Environment variable not found: DATABASE_URL.
  -->  schema.prisma:14
   | 
13 |   provider = "postgresql"
14 |   url      = env("DATABASE_URL")
   | 

Validation Error Count: 1
    at Vn.handleRequestError (/opt/gestion-equipements-IT/server/node_modules/@prisma/client/runtime/library.js:121:7640)
    at Vn.handleAndLogRequestError (/opt/gestion-equipements-IT/server/node_modules/@prisma/client/runtime/library.js:121:6663)
    at Vn.request (/opt/gestion-equipements-IT/server/node_modules/@prisma/client/runtime/library.js:121:6370)
    at async l (/opt/gestion-equipements-IT/server/node_modules/@prisma/client/runtime/library.js:130:9617) {
  clientVersion: '6.2.1',
  errorCode: undefined
}
Error processing expired assignments: PrismaClientInitializationError: 
Invalid `prisma.assignmentToken.findMany()` invocation:


error: Environment variable not found: DATABASE_URL.
  -->  schema.prisma:14
   | 
13 |   provider = "postgresql"
14 |   url      = env("DATABASE_URL")
   | 

Validation Error Count: 1
    at Vn.handleRequestError (/opt/gestion-equipements-IT/server/node_modules/@prisma/client/runtime/library.js:121:7640)
    at Vn.handleAndLogRequestError (/opt/gestion-equipements-IT/server/node_modules/@prisma/client/runtime/library.js:121:6663)
    at Vn.request (/opt/gestion-equipements-IT/server/node_modules/@prisma/client/runtime/library.js:121:6370)
    at async l (/opt/gestion-equipements-IT/server/node_modules/@prisma/client/runtime/library.js:130:9617) {
  clientVersion: '6.2.1',
  errorCode: undefined
}
Error processing expired assignments: PrismaClientInitializationError: 
Invalid `prisma.assignmentToken.findMany()` invocation:


error: Environment variable not found: DATABASE_URL.
  -->  schema.prisma:14
   | 
13 |   provider = "postgresql"
14 |   url      = env("DATABASE_URL")
   | 

Validation Error Count: 1
    at Vn.handleRequestError (/opt/gestion-equipements-IT/server/node_modules/@prisma/client/runtime/library.js:121:7640)
    at Vn.handleAndLogRequestError (/opt/gestion-equipements-IT/server/node_modules/@prisma/client/runtime/library.js:121:6663)
    at Vn.request (/opt/gestion-equipements-IT/server/node_modules/@prisma/client/runtime/library.js:121:6370)
    at async l (/opt/gestion-equipements-IT/server/node_modules/@prisma/client/runtime/library.js:130:9617) {
  clientVersion: '6.2.1',
  errorCode: undefined
}
Error processing expired assignments: PrismaClientInitializationError: 
Invalid `prisma.assignmentToken.findMany()` invocation:


error: Environment variable not found: DATABASE_URL.
  -->  schema.prisma:14
   | 
13 |   provider = "postgresql"
14 |   url      = env("DATABASE_URL")
   | 

Validation Error Count: 1
    at Vn.handleRequestError (/opt/gestion-equipements-IT/server/node_modules/@prisma/client/runtime/library.js:121:7640)
    at Vn.handleAndLogRequestError (/opt/gestion-equipements-IT/server/node_modules/@prisma/client/runtime/library.js:121:6663)
    at Vn.request (/opt/gestion-equipements-IT/server/node_modules/@prisma/client/runtime/library.js:121:6370)
    at async l (/opt/gestion-equipements-IT/server/node_modules/@prisma/client/runtime/library.js:130:9617) {
  clientVersion: '6.2.1',
  errorCode: undefined
}
Error processing expired assignments: PrismaClientInitializationError: 
Invalid `prisma.assignmentToken.findMany()` invocation:


error: Environment variable not found: DATABASE_URL.
  -->  schema.prisma:14
   | 
13 |   provider = "postgresql"
14 |   url      = env("DATABASE_URL")
   | 

Validation Error Count: 1
    at Vn.handleRequestError (/opt/gestion-equipements-IT/server/node_modules/@prisma/client/runtime/library.js:121:7640)
    at Vn.handleAndLogRequestError (/opt/gestion-equipements-IT/server/node_modules/@prisma/client/runtime/library.js:121:6663)
    at Vn.request (/opt/gestion-equipements-IT/server/node_modules/@prisma/client/runtime/library.js:121:6370)
    at async l (/opt/gestion-equipements-IT/server/node_modules/@prisma/client/runtime/library.js:130:9617) {
  clientVersion: '6.2.1',
  errorCode: undefined
}
Error processing expired assignments: PrismaClientInitializationError: 
Invalid `prisma.assignmentToken.findMany()` invocation:


error: Environment variable not found: DATABASE_URL.
  -->  schema.prisma:14
   | 
13 |   provider = "postgresql"
14 |   url      = env("DATABASE_URL")
   | 

Validation Error Count: 1
    at Vn.handleRequestError (/opt/gestion-equipements-IT/server/node_modules/@prisma/client/runtime/library.js:121:7640)
    at Vn.handleAndLogRequestError (/opt/gestion-equipements-IT/server/node_modules/@prisma/client/runtime/library.js:121:6663)
    at Vn.request (/opt/gestion-equipements-IT/server/node_modules/@prisma/client/runtime/library.js:121:6370)
    at async l (/opt/gestion-equipements-IT/server/node_modules/@prisma/client/runtime/library.js:130:9617) {
  clientVersion: '6.2.1',
  errorCode: undefined
}
Error processing expired assignments: PrismaClientInitializationError: 
Invalid `prisma.assignmentToken.findMany()` invocation:


error: Environment variable not found: DATABASE_URL.
  -->  schema.prisma:14
   | 
13 |   provider = "postgresql"
14 |   url      = env("DATABASE_URL")
   | 

Validation Error Count: 1
    at Vn.handleRequestError (/opt/gestion-equipements-IT/server/node_modules/@prisma/client/runtime/library.js:121:7640)
    at Vn.handleAndLogRequestError (/opt/gestion-equipements-IT/server/node_modules/@prisma/client/runtime/library.js:121:6663)
    at Vn.request (/opt/gestion-equipements-IT/server/node_modules/@prisma/client/runtime/library.js:121:6370)
    at async l (/opt/gestion-equipements-IT/server/node_modules/@prisma/client/runtime/library.js:130:9617) {
  clientVersion: '6.2.1',
  errorCode: undefined
}
Error processing expired assignments: PrismaClientInitializationError: 
Invalid `prisma.assignmentToken.findMany()` invocation:


error: Environment variable not found: DATABASE_URL.
  -->  schema.prisma:14
   | 
13 |   provider = "postgresql"
14 |   url      = env("DATABASE_URL")
   | 

Validation Error Count: 1
    at Vn.handleRequestError (/opt/gestion-equipements-IT/server/node_modules/@prisma/client/runtime/library.js:121:7640)
    at Vn.handleAndLogRequestError (/opt/gestion-equipements-IT/server/node_modules/@prisma/client/runtime/library.js:121:6663)
    at Vn.request (/opt/gestion-equipements-IT/server/node_modules/@prisma/client/runtime/library.js:121:6370)
    at async l (/opt/gestion-equipements-IT/server/node_modules/@prisma/client/runtime/library.js:130:9617) {
  clientVersion: '6.2.1',
  errorCode: undefined
}
Error processing expired assignments: PrismaClientInitializationError: 
Invalid `prisma.assignmentToken.findMany()` invocation:


error: Environment variable not found: DATABASE_URL.
  -->  schema.prisma:14
   | 
13 |   provider = "postgresql"
14 |   url      = env("DATABASE_URL")
   | 

Validation Error Count: 1
    at Vn.handleRequestError (/opt/gestion-equipements-IT/server/node_modules/@prisma/client/runtime/library.js:121:7640)
    at Vn.handleAndLogRequestError (/opt/gestion-equipements-IT/server/node_modules/@prisma/client/runtime/library.js:121:6663)
    at Vn.request (/opt/gestion-equipements-IT/server/node_modules/@prisma/client/runtime/library.js:121:6370)
    at async l (/opt/gestion-equipements-IT/server/node_modules/@prisma/client/runtime/library.js:130:9617) {
  clientVersion: '6.2.1',
  errorCode: undefined
}
Error processing expired assignments: PrismaClientInitializationError: 
Invalid `prisma.assignmentToken.findMany()` invocation:


error: Environment variable not found: DATABASE_URL.
  -->  schema.prisma:14
   | 
13 |   provider = "postgresql"
14 |   url      = env("DATABASE_URL")
   | 

Validation Error Count: 1
    at Vn.handleRequestError (/opt/gestion-equipements-IT/server/node_modules/@prisma/client/runtime/library.js:121:7640)
    at Vn.handleAndLogRequestError (/opt/gestion-equipements-IT/server/node_modules/@prisma/client/runtime/library.js:121:6663)
    at Vn.request (/opt/gestion-equipements-IT/server/node_modules/@prisma/client/runtime/library.js:121:6370)
    at async l (/opt/gestion-equipements-IT/server/node_modules/@prisma/client/runtime/library.js:130:9617) {
  clientVersion: '6.2.1',
  errorCode: undefined
}
Error processing expired assignments: PrismaClientInitializationError: 
Invalid `prisma.assignmentToken.findMany()` invocation:


error: Environment variable not found: DATABASE_URL.
  -->  schema.prisma:14
   | 
13 |   provider = "postgresql"
14 |   url      = env("DATABASE_URL")
   | 

Validation Error Count: 1
    at Vn.handleRequestError (/opt/gestion-equipements-IT/server/node_modules/@prisma/client/runtime/library.js:121:7640)
    at Vn.handleAndLogRequestError (/opt/gestion-equipements-IT/server/node_modules/@prisma/client/runtime/library.js:121:6663)
    at Vn.request (/opt/gestion-equipements-IT/server/node_modules/@prisma/client/runtime/library.js:121:6370)
    at async l (/opt/gestion-equipements-IT/server/node_modules/@prisma/client/runtime/library.js:130:9617) {
  clientVersion: '6.2.1',
  errorCode: undefined
}
Error processing expired assignments: PrismaClientInitializationError: 
Invalid `prisma.assignmentToken.findMany()` invocation:


error: Environment variable not found: DATABASE_URL.
  -->  schema.prisma:14
   | 
13 |   provider = "postgresql"
14 |   url      = env("DATABASE_URL")
   | 

Validation Error Count: 1
    at Vn.handleRequestError (/opt/gestion-equipements-IT/server/node_modules/@prisma/client/runtime/library.js:121:7640)
    at Vn.handleAndLogRequestError (/opt/gestion-equipements-IT/server/node_modules/@prisma/client/runtime/library.js:121:6663)
    at Vn.request (/opt/gestion-equipements-IT/server/node_modules/@prisma/client/runtime/library.js:121:6370)
    at async l (/opt/gestion-equipements-IT/server/node_modules/@prisma/client/runtime/library.js:130:9617) {
  clientVersion: '6.2.1',
  errorCode: undefined
}
Error processing expired assignments: PrismaClientInitializationError: 
Invalid `prisma.assignmentToken.findMany()` invocation:


error: Environment variable not found: DATABASE_URL.
  -->  schema.prisma:14
   | 
13 |   provider = "postgresql"
14 |   url      = env("DATABASE_URL")
   | 

Validation Error Count: 1
    at Vn.handleRequestError (/opt/gestion-equipements-IT/server/node_modules/@prisma/client/runtime/library.js:121:7640)
    at Vn.handleAndLogRequestError (/opt/gestion-equipements-IT/server/node_modules/@prisma/client/runtime/library.js:121:6663)
    at Vn.request (/opt/gestion-equipements-IT/server/node_modules/@prisma/client/runtime/library.js:121:6370)
    at async l (/opt/gestion-equipements-IT/server/node_modules/@prisma/client/runtime/library.js:130:9617) {
  clientVersion: '6.2.1',
  errorCode: undefined
}
Error processing expired assignments: PrismaClientInitializationError: 
Invalid `prisma.assignmentToken.findMany()` invocation:


error: Environment variable not found: DATABASE_URL.
  -->  schema.prisma:14
   | 
13 |   provider = "postgresql"
14 |   url      = env("DATABASE_URL")
   | 

Validation Error Count: 1
    at Vn.handleRequestError (/opt/gestion-equipements-IT/server/node_modules/@prisma/client/runtime/library.js:121:7640)
    at Vn.handleAndLogRequestError (/opt/gestion-equipements-IT/server/node_modules/@prisma/client/runtime/library.js:121:6663)
    at Vn.request (/opt/gestion-equipements-IT/server/node_modules/@prisma/client/runtime/library.js:121:6370)
    at async l (/opt/gestion-equipements-IT/server/node_modules/@prisma/client/runtime/library.js:130:9617) {
  clientVersion: '6.2.1',
  errorCode: undefined
}
